<?xml version="1.0" encoding="UTF-8"?>
<testsuite name="CaesarTest" tests="1" skipped="0" failures="0" errors="0" timestamp="2021-06-04T11:49:08" hostname="moringa-ThinkPad-X250" time="0.014">
  <properties/>
  <testcase name="NewCaesarObjectGetsCorrectlyCreated_true" classname="CaesarTest" time="0.014"/>
  <system-out><![CDATA[]]></system-out>
  <system-err><![CDATA[]]></system-err>
</testsuite>
